<?xml version="1.0" encoding="UTF-8"?>
<!-- Generated by org.testng.reporters.JUnitReportReporter -->
<testsuite hostname="INHYNRBORA1" name="test.TestNGDemo" tests="3" failures="0" timestamp="13 Jun 2019 02:50:46 GMT" time="0.042" errors="0">
  <testcase name="method" time="0.004" classname="test.TestNGDemo"/>
  <testcase name="method" time="0.020" classname="test.TestNGDemo"/>
  <testcase name="method" time="0.018" classname="test.TestNGDemo"/>
</testsuite> <!-- test.TestNGDemo -->
