<?xml version="1.0" encoding="UTF-8"?>
<!-- Generated by org.testng.reporters.JUnitReportReporter -->
<testsuite hostname="INHYNRBORA1" name="test.TestNGWithCOns" tests="1" failures="0" timestamp="19 Jul 2019 06:47:08 GMT" time="0.019" errors="0">
  <testcase name="testMethod" time="0.019" classname="test.TestNGWithCOns"/>
</testsuite> <!-- test.TestNGWithCOns -->
