<?xml version="1.0" encoding="UTF-8"?>
<!-- Generated by org.testng.reporters.JUnitReportReporter -->
<testsuite hostname="INHYNRBORA1" name="test.WebDiverTest" tests="1" failures="0" timestamp="22 Jul 2019 13:03:05 GMT" time="31.100" errors="0">
  <testcase name="runMethod" time="31.100" classname="test.WebDiverTest"/>
</testsuite> <!-- test.WebDiverTest -->
