<?xml version="1.0" encoding="UTF-8"?>
<!-- Generated by org.testng.reporters.JUnitReportReporter -->
<testsuite hostname="INHYNRBORA1" failures="0" tests="1" name="naukri.ResumeUpload" time="20.215" errors="0" timestamp="28 Aug 2019 02:50:07 GMT" skipped="0">
  <testcase classname="naukri.ResumeUpload" name="resumeUploadIntoNaukri" time="20.215"/>
</testsuite> <!-- naukri.ResumeUpload -->
